2024-03-28 11:06:08.064 | main | INFO  | org.springframework.boot.test.context.SpringBootTestContextBootstrapper | 305 | Neither @ContextConfiguration nor @ContextHierarchy found for test class [com.xtxk.recognition.prepare.service.TestDemo], using SpringBootContextLoader
2024-03-28 11:06:08.067 | main | INFO  | org.springframework.test.context.support.AbstractContextLoader | 264 | Could not detect default resource locations for test class [com.xtxk.recognition.prepare.service.TestDemo]: no resource found for suffixes {-context.xml, Context.groovy}.
2024-03-28 11:06:08.067 | main | INFO  | org.springframework.test.context.support.AnnotationConfigContextLoaderUtils | 83 | Could not detect default configuration classes for test class [com.xtxk.recognition.prepare.service.TestDemo]: TestDemo does not declare any static, non-private, non-final, nested classes annotated with @Configuration.
2024-03-28 11:06:08.120 | main | INFO  | org.springframework.boot.test.context.SpringBootTestContextBootstrapper | 238 | Found @SpringBootConfiguration com.xtxk.recognition.prepare.service.RecoginitionPrepareApplication for test class com.xtxk.recognition.prepare.service.TestDemo
2024-03-28 11:06:08.170 | main | INFO  | org.springframework.boot.test.context.SpringBootTestContextBootstrapper | 245 | Loaded default TestExecutionListener class names from location [META-INF/spring.factories]: [org.springframework.boot.test.mock.mockito.MockitoTestExecutionListener, org.springframework.boot.test.mock.mockito.ResetMocksTestExecutionListener, org.springframework.test.context.web.ServletTestExecutionListener, org.springframework.test.context.support.DirtiesContextBeforeModesTestExecutionListener, org.springframework.test.context.event.ApplicationEventsTestExecutionListener, org.springframework.test.context.support.DependencyInjectionTestExecutionListener, org.springframework.test.context.support.DirtiesContextTestExecutionListener, org.springframework.test.context.transaction.TransactionalTestExecutionListener, org.springframework.test.context.jdbc.SqlScriptsTestExecutionListener, org.springframework.test.context.event.EventPublishingTestExecutionListener]
2024-03-28 11:06:08.179 | main | INFO  | org.springframework.boot.test.context.SpringBootTestContextBootstrapper | 174 | Using TestExecutionListeners: [org.springframework.test.context.web.ServletTestExecutionListener@525575, org.springframework.test.context.support.DirtiesContextBeforeModesTestExecutionListener@46dffdc3, org.springframework.test.context.event.ApplicationEventsTestExecutionListener@5a709816, org.springframework.boot.test.mock.mockito.MockitoTestExecutionListener@78383390, org.springframework.test.context.support.DependencyInjectionTestExecutionListener@6ad3381f, org.springframework.test.context.support.DirtiesContextTestExecutionListener@53dbe163, org.springframework.test.context.transaction.TransactionalTestExecutionListener@db57326, org.springframework.test.context.jdbc.SqlScriptsTestExecutionListener@34a875b3, org.springframework.test.context.event.EventPublishingTestExecutionListener@4748a0f9, org.springframework.boot.test.mock.mockito.ResetMocksTestExecutionListener@4b14918a]
2024-03-28 11:06:08.182 | main | INFO  | org.springframework.boot.test.context.SpringBootTestContextBootstrapper | 305 | Neither @ContextConfiguration nor @ContextHierarchy found for test class [com.xtxk.recognition.prepare.service.algAction.TestDemo], using SpringBootContextLoader
2024-03-28 11:06:08.182 | main | INFO  | org.springframework.test.context.support.AbstractContextLoader | 264 | Could not detect default resource locations for test class [com.xtxk.recognition.prepare.service.algAction.TestDemo]: no resource found for suffixes {-context.xml, Context.groovy}.
2024-03-28 11:06:08.183 | main | INFO  | org.springframework.test.context.support.AnnotationConfigContextLoaderUtils | 83 | Could not detect default configuration classes for test class [com.xtxk.recognition.prepare.service.algAction.TestDemo]: TestDemo does not declare any static, non-private, non-final, nested classes annotated with @Configuration.
2024-03-28 11:06:08.187 | main | INFO  | org.springframework.boot.test.context.SpringBootTestContextBootstrapper | 238 | Found @SpringBootConfiguration com.xtxk.recognition.prepare.service.RecoginitionPrepareApplication for test class com.xtxk.recognition.prepare.service.algAction.TestDemo
2024-03-28 11:06:08.188 | main | INFO  | org.springframework.boot.test.context.SpringBootTestContextBootstrapper | 245 | Loaded default TestExecutionListener class names from location [META-INF/spring.factories]: [org.springframework.boot.test.mock.mockito.MockitoTestExecutionListener, org.springframework.boot.test.mock.mockito.ResetMocksTestExecutionListener, org.springframework.test.context.web.ServletTestExecutionListener, org.springframework.test.context.support.DirtiesContextBeforeModesTestExecutionListener, org.springframework.test.context.event.ApplicationEventsTestExecutionListener, org.springframework.test.context.support.DependencyInjectionTestExecutionListener, org.springframework.test.context.support.DirtiesContextTestExecutionListener, org.springframework.test.context.transaction.TransactionalTestExecutionListener, org.springframework.test.context.jdbc.SqlScriptsTestExecutionListener, org.springframework.test.context.event.EventPublishingTestExecutionListener]
2024-03-28 11:06:08.188 | main | INFO  | org.springframework.boot.test.context.SpringBootTestContextBootstrapper | 174 | Using TestExecutionListeners: [org.springframework.test.context.web.ServletTestExecutionListener@4982cc36, org.springframework.test.context.support.DirtiesContextBeforeModesTestExecutionListener@691939c9, org.springframework.test.context.event.ApplicationEventsTestExecutionListener@4f1bfe23, org.springframework.boot.test.mock.mockito.MockitoTestExecutionListener@e19bb76, org.springframework.test.context.support.DependencyInjectionTestExecutionListener@512535ff, org.springframework.test.context.support.DirtiesContextTestExecutionListener@71529963, org.springframework.test.context.transaction.TransactionalTestExecutionListener@61a88b8c, org.springframework.test.context.jdbc.SqlScriptsTestExecutionListener@22295ec4, org.springframework.test.context.event.EventPublishingTestExecutionListener@5adb0db3, org.springframework.boot.test.mock.mockito.ResetMocksTestExecutionListener@3f270e0a]
2024-03-28 11:06:08.387 | background-preinit | INFO  | org.hibernate.validator.internal.util.Version | 21 | HV000001: Hibernate Validator 6.2.3.Final
2024-03-28 11:06:08.390 | main | INFO  | com.xtxk.recognition.prepare.service.TestDemo | 55 | Starting TestDemo using Java 1.8.0_391 on DESKTOP-CD17606 with PID 15580 (started by 11962 in F:\IdeaProject\xtxk\business-server\recognition-prepare-service)
2024-03-28 11:06:08.391 | main | INFO  | com.xtxk.recognition.prepare.service.TestDemo | 667 | The following profiles are active: dev
2024-03-28 11:06:09.385 | main | INFO  | org.springframework.boot.web.embedded.tomcat.TomcatWebServer | 108 | Tomcat initialized with port(s): 0 (http)
2024-03-28 11:06:09.390 | main | INFO  | org.apache.coyote.http11.Http11NioProtocol | 173 | Initializing ProtocolHandler ["http-nio-auto-1"]
2024-03-28 11:06:09.391 | main | INFO  | org.apache.catalina.core.StandardService | 173 | Starting service [Tomcat]
2024-03-28 11:06:09.391 | main | INFO  | org.apache.catalina.core.StandardEngine | 173 | Starting Servlet engine: [Apache Tomcat/9.0.46]
2024-03-28 11:06:09.441 | main | INFO  | org.apache.catalina.core.ContainerBase.[Tomcat].[localhost].[/recognization] | 173 | Initializing Spring embedded WebApplicationContext
2024-03-28 11:06:09.441 | main | INFO  | org.springframework.boot.web.servlet.context.ServletWebServerApplicationContext | 290 | Root WebApplicationContext: initialization completed in 1023 ms
2024-03-28 11:06:10.648 | main | INFO  | org.apache.coyote.http11.Http11NioProtocol | 173 | Starting ProtocolHandler ["http-nio-auto-1"]
2024-03-28 11:06:10.658 | main | INFO  | org.springframework.boot.web.embedded.tomcat.TomcatWebServer | 220 | Tomcat started on port(s): 52378 (http) with context path '/recognization'
2024-03-28 11:06:10.661 | main | INFO  | springfox.documentation.spring.web.plugins.DocumentationPluginsBootstrapper | 84 | Context refreshed
2024-03-28 11:06:10.669 | main | INFO  | springfox.documentation.spring.web.plugins.DocumentationPluginsBootstrapper | 87 | Found 1 custom documentation plugin(s)
2024-03-28 11:06:10.673 | main | INFO  | springfox.documentation.spring.web.scanners.ApiListingReferenceScanner | 44 | Scanning for api listing references
2024-03-28 11:06:10.774 | main | INFO  | springfox.documentation.spring.web.readers.operation.CachingOperationNameGenerator | 40 | Generating unique operation named: listUsingPOST_1
2024-03-28 11:06:10.777 | main | INFO  | springfox.documentation.spring.web.readers.operation.CachingOperationNameGenerator | 40 | Generating unique operation named: addUsingPOST_1
2024-03-28 11:06:10.782 | main | INFO  | springfox.documentation.spring.web.readers.operation.CachingOperationNameGenerator | 40 | Generating unique operation named: deleteUsingPOST_1
2024-03-28 11:06:10.786 | main | INFO  | springfox.documentation.spring.web.readers.operation.CachingOperationNameGenerator | 40 | Generating unique operation named: detailUsingPOST_1
2024-03-28 11:06:10.790 | main | INFO  | springfox.documentation.spring.web.readers.operation.CachingOperationNameGenerator | 40 | Generating unique operation named: listUsingPOST_2
2024-03-28 11:06:10.794 | main | INFO  | springfox.documentation.spring.web.readers.operation.CachingOperationNameGenerator | 40 | Generating unique operation named: updateUsingPOST_1
2024-03-28 11:06:10.796 | main | INFO  | springfox.documentation.spring.web.readers.operation.CachingOperationNameGenerator | 40 | Generating unique operation named: addUsingPOST_2
2024-03-28 11:06:10.798 | main | INFO  | springfox.documentation.spring.web.readers.operation.CachingOperationNameGenerator | 40 | Generating unique operation named: deleteUsingPOST_2
2024-03-28 11:06:10.801 | main | INFO  | springfox.documentation.spring.web.readers.operation.CachingOperationNameGenerator | 40 | Generating unique operation named: detailUsingPOST_2
2024-03-28 11:06:10.804 | main | INFO  | springfox.documentation.spring.web.readers.operation.CachingOperationNameGenerator | 40 | Generating unique operation named: listUsingPOST_3
2024-03-28 11:06:10.806 | main | INFO  | springfox.documentation.spring.web.readers.operation.CachingOperationNameGenerator | 40 | Generating unique operation named: updateUsingPOST_2
2024-03-28 11:06:10.826 | main | INFO  | com.xtxk.recognition.prepare.service.TestDemo | 61 | Started TestDemo in 2.614 seconds (JVM running for 3.633)
2024-03-28 11:06:10.827 | main | INFO  | org.springframework.boot.availability.ApplicationAvailabilityBean | 75 | Application availability state LivenessState changed to CORRECT
2024-03-28 11:06:10.854 | main | INFO  | com.zaxxer.hikari.HikariDataSource | 110 | HikariPool-1 - Starting...
2024-03-28 11:06:33.070 | main | ERROR | com.zaxxer.hikari.pool.HikariPool | 594 | HikariPool-1 - Exception during pool initialization.
com.mysql.jdbc.exceptions.jdbc4.CommunicationsException: Communications link failure

The last packet sent successfully to the server was 0 milliseconds ago. The driver has not received any packets from the server.
	at sun.reflect.NativeConstructorAccessorImpl.newInstance0(Native Method)
	at sun.reflect.NativeConstructorAccessorImpl.newInstance(NativeConstructorAccessorImpl.java:62)
	at sun.reflect.DelegatingConstructorAccessorImpl.newInstance(DelegatingConstructorAccessorImpl.java:45)
	at java.lang.reflect.Constructor.newInstance(Constructor.java:423)
	at com.mysql.jdbc.Util.handleNewInstance(Util.java:425)
	at com.mysql.jdbc.SQLError.createCommunicationsException(SQLError.java:990)
	at com.mysql.jdbc.MysqlIO.<init>(MysqlIO.java:342)
	at com.mysql.jdbc.ConnectionImpl.coreConnect(ConnectionImpl.java:2188)
	at com.mysql.jdbc.ConnectionImpl.connectOneTryOnly(ConnectionImpl.java:2221)
	at com.mysql.jdbc.ConnectionImpl.createNewIO(ConnectionImpl.java:2016)
	at com.mysql.jdbc.ConnectionImpl.<init>(ConnectionImpl.java:776)
	at com.mysql.jdbc.JDBC4Connection.<init>(JDBC4Connection.java:47)
	at sun.reflect.NativeConstructorAccessorImpl.newInstance0(Native Method)
	at sun.reflect.NativeConstructorAccessorImpl.newInstance(NativeConstructorAccessorImpl.java:62)
	at sun.reflect.DelegatingConstructorAccessorImpl.newInstance(DelegatingConstructorAccessorImpl.java:45)
	at java.lang.reflect.Constructor.newInstance(Constructor.java:423)
	at com.mysql.jdbc.Util.handleNewInstance(Util.java:425)
	at com.mysql.jdbc.ConnectionImpl.getInstance(ConnectionImpl.java:386)
	at com.mysql.jdbc.NonRegisteringDriver.connect(NonRegisteringDriver.java:330)
	at com.zaxxer.hikari.util.DriverDataSource.getConnection(DriverDataSource.java:138)
	at com.zaxxer.hikari.pool.PoolBase.newConnection(PoolBase.java:364)
	at com.zaxxer.hikari.pool.PoolBase.newPoolEntry(PoolBase.java:206)
	at com.zaxxer.hikari.pool.HikariPool.createPoolEntry(HikariPool.java:476)
	at com.zaxxer.hikari.pool.HikariPool.checkFailFast(HikariPool.java:561)
	at com.zaxxer.hikari.pool.HikariPool.<init>(HikariPool.java:115)
	at com.zaxxer.hikari.HikariDataSource.getConnection(HikariDataSource.java:112)
	at org.springframework.jdbc.datasource.DataSourceUtils.fetchConnection(DataSourceUtils.java:158)
	at org.springframework.jdbc.datasource.DataSourceUtils.doGetConnection(DataSourceUtils.java:116)
	at org.springframework.jdbc.datasource.DataSourceUtils.getConnection(DataSourceUtils.java:79)
	at org.mybatis.spring.transaction.SpringManagedTransaction.openConnection(SpringManagedTransaction.java:80)
	at org.mybatis.spring.transaction.SpringManagedTransaction.getConnection(SpringManagedTransaction.java:67)
	at org.apache.ibatis.executor.BaseExecutor.getConnection(BaseExecutor.java:337)
	at org.apache.ibatis.executor.SimpleExecutor.prepareStatement(SimpleExecutor.java:86)
	at org.apache.ibatis.executor.SimpleExecutor.doQuery(SimpleExecutor.java:62)
	at org.apache.ibatis.executor.BaseExecutor.queryFromDatabase(BaseExecutor.java:325)
	at org.apache.ibatis.executor.BaseExecutor.query(BaseExecutor.java:156)
	at org.apache.ibatis.executor.CachingExecutor.query(CachingExecutor.java:109)
	at com.github.pagehelper.PageInterceptor.intercept(PageInterceptor.java:111)
	at org.apache.ibatis.plugin.Plugin.invoke(Plugin.java:62)
	at com.sun.proxy.$Proxy139.query(Unknown Source)
	at org.apache.ibatis.session.defaults.DefaultSqlSession.selectList(DefaultSqlSession.java:151)
	at org.apache.ibatis.session.defaults.DefaultSqlSession.selectList(DefaultSqlSession.java:145)
	at org.apache.ibatis.session.defaults.DefaultSqlSession.selectList(DefaultSqlSession.java:140)
	at sun.reflect.NativeMethodAccessorImpl.invoke0(Native Method)
	at sun.reflect.NativeMethodAccessorImpl.invoke(NativeMethodAccessorImpl.java:62)
	at sun.reflect.DelegatingMethodAccessorImpl.invoke(DelegatingMethodAccessorImpl.java:43)
	at java.lang.reflect.Method.invoke(Method.java:498)
	at org.mybatis.spring.SqlSessionTemplate$SqlSessionInterceptor.invoke(SqlSessionTemplate.java:427)
	at com.sun.proxy.$Proxy93.selectList(Unknown Source)
	at org.mybatis.spring.SqlSessionTemplate.selectList(SqlSessionTemplate.java:224)
	at org.apache.ibatis.binding.MapperMethod.executeForMany(MapperMethod.java:147)
	at org.apache.ibatis.binding.MapperMethod.execute(MapperMethod.java:80)
	at org.apache.ibatis.binding.MapperProxy$PlainMethodInvoker.invoke(MapperProxy.java:145)
	at org.apache.ibatis.binding.MapperProxy.invoke(MapperProxy.java:86)
	at com.sun.proxy.$Proxy94.queryAlgLoopModelByCondition(Unknown Source)
	at com.xtxk.recognition.prepare.service.svc.AlgDispatcherService.queryAlgLoopModelByCondition(AlgDispatcherService.java:31)
	at com.xtxk.recognition.prepare.service.algAction.AlgDispatcher.run(AlgDispatcher.java:48)
	at org.springframework.boot.SpringApplication.callRunner(SpringApplication.java:795)
	at org.springframework.boot.SpringApplication.callRunners(SpringApplication.java:779)
	at org.springframework.boot.SpringApplication.run(SpringApplication.java:344)
	at org.springframework.boot.test.context.SpringBootContextLoader.loadContext(SpringBootContextLoader.java:123)
	at org.springframework.test.context.cache.DefaultCacheAwareContextLoaderDelegate.loadContextInternal(DefaultCacheAwareContextLoaderDelegate.java:99)
	at org.springframework.test.context.cache.DefaultCacheAwareContextLoaderDelegate.loadContext(DefaultCacheAwareContextLoaderDelegate.java:124)
	at org.springframework.test.context.support.DefaultTestContext.getApplicationContext(DefaultTestContext.java:124)
	at org.springframework.test.context.support.DependencyInjectionTestExecutionListener.injectDependencies(DependencyInjectionTestExecutionListener.java:118)
	at org.springframework.test.context.support.DependencyInjectionTestExecutionListener.prepareTestInstance(DependencyInjectionTestExecutionListener.java:83)
	at org.springframework.test.context.TestContextManager.prepareTestInstance(TestContextManager.java:244)
	at org.springframework.test.context.junit4.SpringJUnit4ClassRunner.createTest(SpringJUnit4ClassRunner.java:227)
	at org.springframework.test.context.junit4.SpringJUnit4ClassRunner$1.runReflectiveCall(SpringJUnit4ClassRunner.java:289)
	at org.junit.internal.runners.model.ReflectiveCallable.run(ReflectiveCallable.java:12)
	at org.springframework.test.context.junit4.SpringJUnit4ClassRunner.methodBlock(SpringJUnit4ClassRunner.java:291)
	at org.springframework.test.context.junit4.SpringJUnit4ClassRunner.runChild(SpringJUnit4ClassRunner.java:246)
	at org.springframework.test.context.junit4.SpringJUnit4ClassRunner.runChild(SpringJUnit4ClassRunner.java:97)
	at org.junit.runners.ParentRunner$4.run(ParentRunner.java:331)
	at org.junit.runners.ParentRunner$1.schedule(ParentRunner.java:79)
	at org.junit.runners.ParentRunner.runChildren(ParentRunner.java:329)
	at org.junit.runners.ParentRunner.access$100(ParentRunner.java:66)
	at org.junit.runners.ParentRunner$2.evaluate(ParentRunner.java:293)
	at org.springframework.test.context.junit4.statements.RunBeforeTestClassCallbacks.evaluate(RunBeforeTestClassCallbacks.java:61)
	at org.springframework.test.context.junit4.statements.RunAfterTestClassCallbacks.evaluate(RunAfterTestClassCallbacks.java:70)
	at org.junit.runners.ParentRunner$3.evaluate(ParentRunner.java:306)
	at org.junit.runners.ParentRunner.run(ParentRunner.java:413)
	at org.springframework.test.context.junit4.SpringJUnit4ClassRunner.run(SpringJUnit4ClassRunner.java:190)
	at org.junit.runners.Suite.runChild(Suite.java:128)
	at org.junit.runners.Suite.runChild(Suite.java:27)
	at org.junit.runners.ParentRunner$4.run(ParentRunner.java:331)
	at org.junit.runners.ParentRunner$1.schedule(ParentRunner.java:79)
	at org.junit.runners.ParentRunner.runChildren(ParentRunner.java:329)
	at org.junit.runners.ParentRunner.access$100(ParentRunner.java:66)
	at org.junit.runners.ParentRunner$2.evaluate(ParentRunner.java:293)
	at org.junit.runners.ParentRunner$3.evaluate(ParentRunner.java:306)
	at org.junit.runners.ParentRunner.run(ParentRunner.java:413)
	at org.junit.runner.JUnitCore.run(JUnitCore.java:137)
	at com.intellij.junit4.JUnit4IdeaTestRunner.startRunnerWithArgs(JUnit4IdeaTestRunner.java:69)
	at com.intellij.rt.junit.IdeaTestRunner$Repeater$1.execute(IdeaTestRunner.java:38)
	at com.intellij.rt.execution.junit.TestsRepeater.repeat(TestsRepeater.java:11)
	at com.intellij.rt.junit.IdeaTestRunner$Repeater.startRunnerWithArgs(IdeaTestRunner.java:35)
	at com.intellij.rt.junit.JUnitStarter.prepareStreamsAndStart(JUnitStarter.java:232)
	at com.intellij.rt.junit.JUnitStarter.main(JUnitStarter.java:55)
Caused by: java.net.ConnectException: Connection timed out: connect
	at java.net.DualStackPlainSocketImpl.waitForConnect(Native Method)
	at java.net.DualStackPlainSocketImpl.socketConnect(DualStackPlainSocketImpl.java:81)
	at java.net.AbstractPlainSocketImpl.doConnect(AbstractPlainSocketImpl.java:476)
	at java.net.AbstractPlainSocketImpl.connectToAddress(AbstractPlainSocketImpl.java:218)
	at java.net.AbstractPlainSocketImpl.connect(AbstractPlainSocketImpl.java:200)
	at java.net.PlainSocketImpl.connect(PlainSocketImpl.java:162)
	at java.net.SocksSocketImpl.connect(SocksSocketImpl.java:394)
	at java.net.Socket.connect(Socket.java:606)
	at com.mysql.jdbc.StandardSocketFactory.connect(StandardSocketFactory.java:211)
	at com.mysql.jdbc.MysqlIO.<init>(MysqlIO.java:301)
	... 92 common frames omitted
2024-03-28 11:06:33.077 | main | INFO  | org.springframework.boot.autoconfigure.logging.ConditionEvaluationReportLoggingListener | 136 | 

Error starting ApplicationContext. To display the conditions report re-run your application with 'debug' enabled.
2024-03-28 11:06:33.086 | main | ERROR | org.springframework.boot.SpringApplication | 847 | Application run failed
java.lang.IllegalStateException: Failed to execute CommandLineRunner
	at org.springframework.boot.SpringApplication.callRunner(SpringApplication.java:798)
	at org.springframework.boot.SpringApplication.callRunners(SpringApplication.java:779)
	at org.springframework.boot.SpringApplication.run(SpringApplication.java:344)
	at org.springframework.boot.test.context.SpringBootContextLoader.loadContext(SpringBootContextLoader.java:123)
	at org.springframework.test.context.cache.DefaultCacheAwareContextLoaderDelegate.loadContextInternal(DefaultCacheAwareContextLoaderDelegate.java:99)
	at org.springframework.test.context.cache.DefaultCacheAwareContextLoaderDelegate.loadContext(DefaultCacheAwareContextLoaderDelegate.java:124)
	at org.springframework.test.context.support.DefaultTestContext.getApplicationContext(DefaultTestContext.java:124)
	at org.springframework.test.context.support.DependencyInjectionTestExecutionListener.injectDependencies(DependencyInjectionTestExecutionListener.java:118)
	at org.springframework.test.context.support.DependencyInjectionTestExecutionListener.prepareTestInstance(DependencyInjectionTestExecutionListener.java:83)
	at org.springframework.test.context.TestContextManager.prepareTestInstance(TestContextManager.java:244)
	at org.springframework.test.context.junit4.SpringJUnit4ClassRunner.createTest(SpringJUnit4ClassRunner.java:227)
	at org.springframework.test.context.junit4.SpringJUnit4ClassRunner$1.runReflectiveCall(SpringJUnit4ClassRunner.java:289)
	at org.junit.internal.runners.model.ReflectiveCallable.run(ReflectiveCallable.java:12)
	at org.springframework.test.context.junit4.SpringJUnit4ClassRunner.methodBlock(SpringJUnit4ClassRunner.java:291)
	at org.springframework.test.context.junit4.SpringJUnit4ClassRunner.runChild(SpringJUnit4ClassRunner.java:246)
	at org.springframework.test.context.junit4.SpringJUnit4ClassRunner.runChild(SpringJUnit4ClassRunner.java:97)
	at org.junit.runners.ParentRunner$4.run(ParentRunner.java:331)
	at org.junit.runners.ParentRunner$1.schedule(ParentRunner.java:79)
	at org.junit.runners.ParentRunner.runChildren(ParentRunner.java:329)
	at org.junit.runners.ParentRunner.access$100(ParentRunner.java:66)
	at org.junit.runners.ParentRunner$2.evaluate(ParentRunner.java:293)
	at org.springframework.test.context.junit4.statements.RunBeforeTestClassCallbacks.evaluate(RunBeforeTestClassCallbacks.java:61)
	at org.springframework.test.context.junit4.statements.RunAfterTestClassCallbacks.evaluate(RunAfterTestClassCallbacks.java:70)
	at org.junit.runners.ParentRunner$3.evaluate(ParentRunner.java:306)
	at org.junit.runners.ParentRunner.run(ParentRunner.java:413)
	at org.springframework.test.context.junit4.SpringJUnit4ClassRunner.run(SpringJUnit4ClassRunner.java:190)
	at org.junit.runners.Suite.runChild(Suite.java:128)
	at org.junit.runners.Suite.runChild(Suite.java:27)
	at org.junit.runners.ParentRunner$4.run(ParentRunner.java:331)
	at org.junit.runners.ParentRunner$1.schedule(ParentRunner.java:79)
	at org.junit.runners.ParentRunner.runChildren(ParentRunner.java:329)
	at org.junit.runners.ParentRunner.access$100(ParentRunner.java:66)
	at org.junit.runners.ParentRunner$2.evaluate(ParentRunner.java:293)
	at org.junit.runners.ParentRunner$3.evaluate(ParentRunner.java:306)
	at org.junit.runners.ParentRunner.run(ParentRunner.java:413)
	at org.junit.runner.JUnitCore.run(JUnitCore.java:137)
	at com.intellij.junit4.JUnit4IdeaTestRunner.startRunnerWithArgs(JUnit4IdeaTestRunner.java:69)
	at com.intellij.rt.junit.IdeaTestRunner$Repeater$1.execute(IdeaTestRunner.java:38)
	at com.intellij.rt.execution.junit.TestsRepeater.repeat(TestsRepeater.java:11)
	at com.intellij.rt.junit.IdeaTestRunner$Repeater.startRunnerWithArgs(IdeaTestRunner.java:35)
	at com.intellij.rt.junit.JUnitStarter.prepareStreamsAndStart(JUnitStarter.java:232)
	at com.intellij.rt.junit.JUnitStarter.main(JUnitStarter.java:55)
Caused by: org.mybatis.spring.MyBatisSystemException: nested exception is org.apache.ibatis.exceptions.PersistenceException: 
### Error querying database.  Cause: org.springframework.jdbc.CannotGetJdbcConnectionException: Failed to obtain JDBC Connection; nested exception is com.mysql.jdbc.exceptions.jdbc4.CommunicationsException: Communications link failure

The last packet sent successfully to the server was 0 milliseconds ago. The driver has not received any packets from the server.
### The error may exist in file [F:\IdeaProject\xtxk\business-server\recognition-prepare-service\target\classes\mapper\LoopAlgDevMapperXML.xml]
### The error may involve com.xtxk.recognition.prepare.service.mapper.LoopAlgResMapper.queryAlgLoopModelByCondition
### The error occurred while executing a query
### Cause: org.springframework.jdbc.CannotGetJdbcConnectionException: Failed to obtain JDBC Connection; nested exception is com.mysql.jdbc.exceptions.jdbc4.CommunicationsException: Communications link failure

The last packet sent successfully to the server was 0 milliseconds ago. The driver has not received any packets from the server.
	at org.mybatis.spring.MyBatisExceptionTranslator.translateExceptionIfPossible(MyBatisExceptionTranslator.java:96)
	at org.mybatis.spring.SqlSessionTemplate$SqlSessionInterceptor.invoke(SqlSessionTemplate.java:441)
	at com.sun.proxy.$Proxy93.selectList(Unknown Source)
	at org.mybatis.spring.SqlSessionTemplate.selectList(SqlSessionTemplate.java:224)
	at org.apache.ibatis.binding.MapperMethod.executeForMany(MapperMethod.java:147)
	at org.apache.ibatis.binding.MapperMethod.execute(MapperMethod.java:80)
	at org.apache.ibatis.binding.MapperProxy$PlainMethodInvoker.invoke(MapperProxy.java:145)
	at org.apache.ibatis.binding.MapperProxy.invoke(MapperProxy.java:86)
	at com.sun.proxy.$Proxy94.queryAlgLoopModelByCondition(Unknown Source)
	at com.xtxk.recognition.prepare.service.svc.AlgDispatcherService.queryAlgLoopModelByCondition(AlgDispatcherService.java:31)
	at com.xtxk.recognition.prepare.service.algAction.AlgDispatcher.run(AlgDispatcher.java:48)
	at org.springframework.boot.SpringApplication.callRunner(SpringApplication.java:795)
	... 41 common frames omitted
Caused by: org.apache.ibatis.exceptions.PersistenceException: 
### Error querying database.  Cause: org.springframework.jdbc.CannotGetJdbcConnectionException: Failed to obtain JDBC Connection; nested exception is com.mysql.jdbc.exceptions.jdbc4.CommunicationsException: Communications link failure

The last packet sent successfully to the server was 0 milliseconds ago. The driver has not received any packets from the server.
### The error may exist in file [F:\IdeaProject\xtxk\business-server\recognition-prepare-service\target\classes\mapper\LoopAlgDevMapperXML.xml]
### The error may involve com.xtxk.recognition.prepare.service.mapper.LoopAlgResMapper.queryAlgLoopModelByCondition
### The error occurred while executing a query
### Cause: org.springframework.jdbc.CannotGetJdbcConnectionException: Failed to obtain JDBC Connection; nested exception is com.mysql.jdbc.exceptions.jdbc4.CommunicationsException: Communications link failure

The last packet sent successfully to the server was 0 milliseconds ago. The driver has not received any packets from the server.
	at org.apache.ibatis.exceptions.ExceptionFactory.wrapException(ExceptionFactory.java:30)
	at org.apache.ibatis.session.defaults.DefaultSqlSession.selectList(DefaultSqlSession.java:153)
	at org.apache.ibatis.session.defaults.DefaultSqlSession.selectList(DefaultSqlSession.java:145)
	at org.apache.ibatis.session.defaults.DefaultSqlSession.selectList(DefaultSqlSession.java:140)
	at sun.reflect.NativeMethodAccessorImpl.invoke0(Native Method)
	at sun.reflect.NativeMethodAccessorImpl.invoke(NativeMethodAccessorImpl.java:62)
	at sun.reflect.DelegatingMethodAccessorImpl.invoke(DelegatingMethodAccessorImpl.java:43)
	at java.lang.reflect.Method.invoke(Method.java:498)
	at org.mybatis.spring.SqlSessionTemplate$SqlSessionInterceptor.invoke(SqlSessionTemplate.java:427)
	... 51 common frames omitted
Caused by: org.springframework.jdbc.CannotGetJdbcConnectionException: Failed to obtain JDBC Connection; nested exception is com.mysql.jdbc.exceptions.jdbc4.CommunicationsException: Communications link failure

The last packet sent successfully to the server was 0 milliseconds ago. The driver has not received any packets from the server.
	at org.springframework.jdbc.datasource.DataSourceUtils.getConnection(DataSourceUtils.java:82)
	at org.mybatis.spring.transaction.SpringManagedTransaction.openConnection(SpringManagedTransaction.java:80)
	at org.mybatis.spring.transaction.SpringManagedTransaction.getConnection(SpringManagedTransaction.java:67)
	at org.apache.ibatis.executor.BaseExecutor.getConnection(BaseExecutor.java:337)
	at org.apache.ibatis.executor.SimpleExecutor.prepareStatement(SimpleExecutor.java:86)
	at org.apache.ibatis.executor.SimpleExecutor.doQuery(SimpleExecutor.java:62)
	at org.apache.ibatis.executor.BaseExecutor.queryFromDatabase(BaseExecutor.java:325)
	at org.apache.ibatis.executor.BaseExecutor.query(BaseExecutor.java:156)
	at org.apache.ibatis.executor.CachingExecutor.query(CachingExecutor.java:109)
	at com.github.pagehelper.PageInterceptor.intercept(PageInterceptor.java:111)
	at org.apache.ibatis.plugin.Plugin.invoke(Plugin.java:62)
	at com.sun.proxy.$Proxy139.query(Unknown Source)
	at org.apache.ibatis.session.defaults.DefaultSqlSession.selectList(DefaultSqlSession.java:151)
	... 58 common frames omitted
Caused by: com.mysql.jdbc.exceptions.jdbc4.CommunicationsException: Communications link failure

The last packet sent successfully to the server was 0 milliseconds ago. The driver has not received any packets from the server.
	at sun.reflect.NativeConstructorAccessorImpl.newInstance0(Native Method)
	at sun.reflect.NativeConstructorAccessorImpl.newInstance(NativeConstructorAccessorImpl.java:62)
	at sun.reflect.DelegatingConstructorAccessorImpl.newInstance(DelegatingConstructorAccessorImpl.java:45)
	at java.lang.reflect.Constructor.newInstance(Constructor.java:423)
	at com.mysql.jdbc.Util.handleNewInstance(Util.java:425)
	at com.mysql.jdbc.SQLError.createCommunicationsException(SQLError.java:990)
	at com.mysql.jdbc.MysqlIO.<init>(MysqlIO.java:342)
	at com.mysql.jdbc.ConnectionImpl.coreConnect(ConnectionImpl.java:2188)
	at com.mysql.jdbc.ConnectionImpl.connectOneTryOnly(ConnectionImpl.java:2221)
	at com.mysql.jdbc.ConnectionImpl.createNewIO(ConnectionImpl.java:2016)
	at com.mysql.jdbc.ConnectionImpl.<init>(ConnectionImpl.java:776)
	at com.mysql.jdbc.JDBC4Connection.<init>(JDBC4Connection.java:47)
	at sun.reflect.NativeConstructorAccessorImpl.newInstance0(Native Method)
	at sun.reflect.NativeConstructorAccessorImpl.newInstance(NativeConstructorAccessorImpl.java:62)
	at sun.reflect.DelegatingConstructorAccessorImpl.newInstance(DelegatingConstructorAccessorImpl.java:45)
	at java.lang.reflect.Constructor.newInstance(Constructor.java:423)
	at com.mysql.jdbc.Util.handleNewInstance(Util.java:425)
	at com.mysql.jdbc.ConnectionImpl.getInstance(ConnectionImpl.java:386)
	at com.mysql.jdbc.NonRegisteringDriver.connect(NonRegisteringDriver.java:330)
	at com.zaxxer.hikari.util.DriverDataSource.getConnection(DriverDataSource.java:138)
	at com.zaxxer.hikari.pool.PoolBase.newConnection(PoolBase.java:364)
	at com.zaxxer.hikari.pool.PoolBase.newPoolEntry(PoolBase.java:206)
	at com.zaxxer.hikari.pool.HikariPool.createPoolEntry(HikariPool.java:476)
	at com.zaxxer.hikari.pool.HikariPool.checkFailFast(HikariPool.java:561)
	at com.zaxxer.hikari.pool.HikariPool.<init>(HikariPool.java:115)
	at com.zaxxer.hikari.HikariDataSource.getConnection(HikariDataSource.java:112)
	at org.springframework.jdbc.datasource.DataSourceUtils.fetchConnection(DataSourceUtils.java:158)
	at org.springframework.jdbc.datasource.DataSourceUtils.doGetConnection(DataSourceUtils.java:116)
	at org.springframework.jdbc.datasource.DataSourceUtils.getConnection(DataSourceUtils.java:79)
	... 70 common frames omitted
Caused by: java.net.ConnectException: Connection timed out: connect
	at java.net.DualStackPlainSocketImpl.waitForConnect(Native Method)
	at java.net.DualStackPlainSocketImpl.socketConnect(DualStackPlainSocketImpl.java:81)
	at java.net.AbstractPlainSocketImpl.doConnect(AbstractPlainSocketImpl.java:476)
	at java.net.AbstractPlainSocketImpl.connectToAddress(AbstractPlainSocketImpl.java:218)
	at java.net.AbstractPlainSocketImpl.connect(AbstractPlainSocketImpl.java:200)
	at java.net.PlainSocketImpl.connect(PlainSocketImpl.java:162)
	at java.net.SocksSocketImpl.connect(SocksSocketImpl.java:394)
	at java.net.Socket.connect(Socket.java:606)
	at com.mysql.jdbc.StandardSocketFactory.connect(StandardSocketFactory.java:211)
	at com.mysql.jdbc.MysqlIO.<init>(MysqlIO.java:301)
	... 92 common frames omitted
2024-03-28 11:06:33.087 | main | INFO  | org.springframework.boot.availability.ApplicationAvailabilityBean | 75 | Application availability state ReadinessState changed to REFUSING_TRAFFIC
2024-03-28 11:06:33.236 | main | ERROR | org.springframework.test.context.TestContextManager | 248 | Caught exception while allowing TestExecutionListener [org.springframework.test.context.support.DependencyInjectionTestExecutionListener@6ad3381f] to prepare test instance [com.xtxk.recognition.prepare.service.TestDemo@63c6c5e5]
java.lang.IllegalStateException: Failed to load ApplicationContext
	at org.springframework.test.context.cache.DefaultCacheAwareContextLoaderDelegate.loadContext(DefaultCacheAwareContextLoaderDelegate.java:132)
	at org.springframework.test.context.support.DefaultTestContext.getApplicationContext(DefaultTestContext.java:124)
	at org.springframework.test.context.support.DependencyInjectionTestExecutionListener.injectDependencies(DependencyInjectionTestExecutionListener.java:118)
	at org.springframework.test.context.support.DependencyInjectionTestExecutionListener.prepareTestInstance(DependencyInjectionTestExecutionListener.java:83)
	at org.springframework.test.context.TestContextManager.prepareTestInstance(TestContextManager.java:244)
	at org.springframework.test.context.junit4.SpringJUnit4ClassRunner.createTest(SpringJUnit4ClassRunner.java:227)
	at org.springframework.test.context.junit4.SpringJUnit4ClassRunner$1.runReflectiveCall(SpringJUnit4ClassRunner.java:289)
	at org.junit.internal.runners.model.ReflectiveCallable.run(ReflectiveCallable.java:12)
	at org.springframework.test.context.junit4.SpringJUnit4ClassRunner.methodBlock(SpringJUnit4ClassRunner.java:291)
	at org.springframework.test.context.junit4.SpringJUnit4ClassRunner.runChild(SpringJUnit4ClassRunner.java:246)
	at org.springframework.test.context.junit4.SpringJUnit4ClassRunner.runChild(SpringJUnit4ClassRunner.java:97)
	at org.junit.runners.ParentRunner$4.run(ParentRunner.java:331)
	at org.junit.runners.ParentRunner$1.schedule(ParentRunner.java:79)
	at org.junit.runners.ParentRunner.runChildren(ParentRunner.java:329)
	at org.junit.runners.ParentRunner.access$100(ParentRunner.java:66)
	at org.junit.runners.ParentRunner$2.evaluate(ParentRunner.java:293)
	at org.springframework.test.context.junit4.statements.RunBeforeTestClassCallbacks.evaluate(RunBeforeTestClassCallbacks.java:61)
	at org.springframework.test.context.junit4.statements.RunAfterTestClassCallbacks.evaluate(RunAfterTestClassCallbacks.java:70)
	at org.junit.runners.ParentRunner$3.evaluate(ParentRunner.java:306)
	at org.junit.runners.ParentRunner.run(ParentRunner.java:413)
	at org.springframework.test.context.junit4.SpringJUnit4ClassRunner.run(SpringJUnit4ClassRunner.java:190)
	at org.junit.runners.Suite.runChild(Suite.java:128)
	at org.junit.runners.Suite.runChild(Suite.java:27)
	at org.junit.runners.ParentRunner$4.run(ParentRunner.java:331)
	at org.junit.runners.ParentRunner$1.schedule(ParentRunner.java:79)
	at org.junit.runners.ParentRunner.runChildren(ParentRunner.java:329)
	at org.junit.runners.ParentRunner.access$100(ParentRunner.java:66)
	at org.junit.runners.ParentRunner$2.evaluate(ParentRunner.java:293)
	at org.junit.runners.ParentRunner$3.evaluate(ParentRunner.java:306)
	at org.junit.runners.ParentRunner.run(ParentRunner.java:413)
	at org.junit.runner.JUnitCore.run(JUnitCore.java:137)
	at com.intellij.junit4.JUnit4IdeaTestRunner.startRunnerWithArgs(JUnit4IdeaTestRunner.java:69)
	at com.intellij.rt.junit.IdeaTestRunner$Repeater$1.execute(IdeaTestRunner.java:38)
	at com.intellij.rt.execution.junit.TestsRepeater.repeat(TestsRepeater.java:11)
	at com.intellij.rt.junit.IdeaTestRunner$Repeater.startRunnerWithArgs(IdeaTestRunner.java:35)
	at com.intellij.rt.junit.JUnitStarter.prepareStreamsAndStart(JUnitStarter.java:232)
	at com.intellij.rt.junit.JUnitStarter.main(JUnitStarter.java:55)
Caused by: java.lang.IllegalStateException: Failed to execute CommandLineRunner
	at org.springframework.boot.SpringApplication.callRunner(SpringApplication.java:798)
	at org.springframework.boot.SpringApplication.callRunners(SpringApplication.java:779)
	at org.springframework.boot.SpringApplication.run(SpringApplication.java:344)
	at org.springframework.boot.test.context.SpringBootContextLoader.loadContext(SpringBootContextLoader.java:123)
	at org.springframework.test.context.cache.DefaultCacheAwareContextLoaderDelegate.loadContextInternal(DefaultCacheAwareContextLoaderDelegate.java:99)
	at org.springframework.test.context.cache.DefaultCacheAwareContextLoaderDelegate.loadContext(DefaultCacheAwareContextLoaderDelegate.java:124)
	... 36 common frames omitted
Caused by: org.mybatis.spring.MyBatisSystemException: nested exception is org.apache.ibatis.exceptions.PersistenceException: 
### Error querying database.  Cause: org.springframework.jdbc.CannotGetJdbcConnectionException: Failed to obtain JDBC Connection; nested exception is com.mysql.jdbc.exceptions.jdbc4.CommunicationsException: Communications link failure

The last packet sent successfully to the server was 0 milliseconds ago. The driver has not received any packets from the server.
### The error may exist in file [F:\IdeaProject\xtxk\business-server\recognition-prepare-service\target\classes\mapper\LoopAlgDevMapperXML.xml]
### The error may involve com.xtxk.recognition.prepare.service.mapper.LoopAlgResMapper.queryAlgLoopModelByCondition
### The error occurred while executing a query
### Cause: org.springframework.jdbc.CannotGetJdbcConnectionException: Failed to obtain JDBC Connection; nested exception is com.mysql.jdbc.exceptions.jdbc4.CommunicationsException: Communications link failure

The last packet sent successfully to the server was 0 milliseconds ago. The driver has not received any packets from the server.
	at org.mybatis.spring.MyBatisExceptionTranslator.translateExceptionIfPossible(MyBatisExceptionTranslator.java:96)
	at org.mybatis.spring.SqlSessionTemplate$SqlSessionInterceptor.invoke(SqlSessionTemplate.java:441)
	at com.sun.proxy.$Proxy93.selectList(Unknown Source)
	at org.mybatis.spring.SqlSessionTemplate.selectList(SqlSessionTemplate.java:224)
	at org.apache.ibatis.binding.MapperMethod.executeForMany(MapperMethod.java:147)
	at org.apache.ibatis.binding.MapperMethod.execute(MapperMethod.java:80)
	at org.apache.ibatis.binding.MapperProxy$PlainMethodInvoker.invoke(MapperProxy.java:145)
	at org.apache.ibatis.binding.MapperProxy.invoke(MapperProxy.java:86)
	at com.sun.proxy.$Proxy94.queryAlgLoopModelByCondition(Unknown Source)
	at com.xtxk.recognition.prepare.service.svc.AlgDispatcherService.queryAlgLoopModelByCondition(AlgDispatcherService.java:31)
	at com.xtxk.recognition.prepare.service.algAction.AlgDispatcher.run(AlgDispatcher.java:48)
	at org.springframework.boot.SpringApplication.callRunner(SpringApplication.java:795)
	... 41 common frames omitted
Caused by: org.apache.ibatis.exceptions.PersistenceException: 
### Error querying database.  Cause: org.springframework.jdbc.CannotGetJdbcConnectionException: Failed to obtain JDBC Connection; nested exception is com.mysql.jdbc.exceptions.jdbc4.CommunicationsException: Communications link failure

The last packet sent successfully to the server was 0 milliseconds ago. The driver has not received any packets from the server.
### The error may exist in file [F:\IdeaProject\xtxk\business-server\recognition-prepare-service\target\classes\mapper\LoopAlgDevMapperXML.xml]
### The error may involve com.xtxk.recognition.prepare.service.mapper.LoopAlgResMapper.queryAlgLoopModelByCondition
### The error occurred while executing a query
### Cause: org.springframework.jdbc.CannotGetJdbcConnectionException: Failed to obtain JDBC Connection; nested exception is com.mysql.jdbc.exceptions.jdbc4.CommunicationsException: Communications link failure

The last packet sent successfully to the server was 0 milliseconds ago. The driver has not received any packets from the server.
	at org.apache.ibatis.exceptions.ExceptionFactory.wrapException(ExceptionFactory.java:30)
	at org.apache.ibatis.session.defaults.DefaultSqlSession.selectList(DefaultSqlSession.java:153)
	at org.apache.ibatis.session.defaults.DefaultSqlSession.selectList(DefaultSqlSession.java:145)
	at org.apache.ibatis.session.defaults.DefaultSqlSession.selectList(DefaultSqlSession.java:140)
	at sun.reflect.NativeMethodAccessorImpl.invoke0(Native Method)
	at sun.reflect.NativeMethodAccessorImpl.invoke(NativeMethodAccessorImpl.java:62)
	at sun.reflect.DelegatingMethodAccessorImpl.invoke(DelegatingMethodAccessorImpl.java:43)
	at java.lang.reflect.Method.invoke(Method.java:498)
	at org.mybatis.spring.SqlSessionTemplate$SqlSessionInterceptor.invoke(SqlSessionTemplate.java:427)
	... 51 common frames omitted
Caused by: org.springframework.jdbc.CannotGetJdbcConnectionException: Failed to obtain JDBC Connection; nested exception is com.mysql.jdbc.exceptions.jdbc4.CommunicationsException: Communications link failure

The last packet sent successfully to the server was 0 milliseconds ago. The driver has not received any packets from the server.
	at org.springframework.jdbc.datasource.DataSourceUtils.getConnection(DataSourceUtils.java:82)
	at org.mybatis.spring.transaction.SpringManagedTransaction.openConnection(SpringManagedTransaction.java:80)
	at org.mybatis.spring.transaction.SpringManagedTransaction.getConnection(SpringManagedTransaction.java:67)
	at org.apache.ibatis.executor.BaseExecutor.getConnection(BaseExecutor.java:337)
	at org.apache.ibatis.executor.SimpleExecutor.prepareStatement(SimpleExecutor.java:86)
	at org.apache.ibatis.executor.SimpleExecutor.doQuery(SimpleExecutor.java:62)
	at org.apache.ibatis.executor.BaseExecutor.queryFromDatabase(BaseExecutor.java:325)
	at org.apache.ibatis.executor.BaseExecutor.query(BaseExecutor.java:156)
	at org.apache.ibatis.executor.CachingExecutor.query(CachingExecutor.java:109)
	at com.github.pagehelper.PageInterceptor.intercept(PageInterceptor.java:111)
	at org.apache.ibatis.plugin.Plugin.invoke(Plugin.java:62)
	at com.sun.proxy.$Proxy139.query(Unknown Source)
	at org.apache.ibatis.session.defaults.DefaultSqlSession.selectList(DefaultSqlSession.java:151)
	... 58 common frames omitted
Caused by: com.mysql.jdbc.exceptions.jdbc4.CommunicationsException: Communications link failure

The last packet sent successfully to the server was 0 milliseconds ago. The driver has not received any packets from the server.
	at sun.reflect.NativeConstructorAccessorImpl.newInstance0(Native Method)
	at sun.reflect.NativeConstructorAccessorImpl.newInstance(NativeConstructorAccessorImpl.java:62)
	at sun.reflect.DelegatingConstructorAccessorImpl.newInstance(DelegatingConstructorAccessorImpl.java:45)
	at java.lang.reflect.Constructor.newInstance(Constructor.java:423)
	at com.mysql.jdbc.Util.handleNewInstance(Util.java:425)
	at com.mysql.jdbc.SQLError.createCommunicationsException(SQLError.java:990)
	at com.mysql.jdbc.MysqlIO.<init>(MysqlIO.java:342)
	at com.mysql.jdbc.ConnectionImpl.coreConnect(ConnectionImpl.java:2188)
	at com.mysql.jdbc.ConnectionImpl.connectOneTryOnly(ConnectionImpl.java:2221)
	at com.mysql.jdbc.ConnectionImpl.createNewIO(ConnectionImpl.java:2016)
	at com.mysql.jdbc.ConnectionImpl.<init>(ConnectionImpl.java:776)
	at com.mysql.jdbc.JDBC4Connection.<init>(JDBC4Connection.java:47)
	at sun.reflect.NativeConstructorAccessorImpl.newInstance0(Native Method)
	at sun.reflect.NativeConstructorAccessorImpl.newInstance(NativeConstructorAccessorImpl.java:62)
	at sun.reflect.DelegatingConstructorAccessorImpl.newInstance(DelegatingConstructorAccessorImpl.java:45)
	at java.lang.reflect.Constructor.newInstance(Constructor.java:423)
	at com.mysql.jdbc.Util.handleNewInstance(Util.java:425)
	at com.mysql.jdbc.ConnectionImpl.getInstance(ConnectionImpl.java:386)
	at com.mysql.jdbc.NonRegisteringDriver.connect(NonRegisteringDriver.java:330)
	at com.zaxxer.hikari.util.DriverDataSource.getConnection(DriverDataSource.java:138)
	at com.zaxxer.hikari.pool.PoolBase.newConnection(PoolBase.java:364)
	at com.zaxxer.hikari.pool.PoolBase.newPoolEntry(PoolBase.java:206)
	at com.zaxxer.hikari.pool.HikariPool.createPoolEntry(HikariPool.java:476)
	at com.zaxxer.hikari.pool.HikariPool.checkFailFast(HikariPool.java:561)
	at com.zaxxer.hikari.pool.HikariPool.<init>(HikariPool.java:115)
	at com.zaxxer.hikari.HikariDataSource.getConnection(HikariDataSource.java:112)
	at org.springframework.jdbc.datasource.DataSourceUtils.fetchConnection(DataSourceUtils.java:158)
	at org.springframework.jdbc.datasource.DataSourceUtils.doGetConnection(DataSourceUtils.java:116)
	at org.springframework.jdbc.datasource.DataSourceUtils.getConnection(DataSourceUtils.java:79)
	... 70 common frames omitted
Caused by: java.net.ConnectException: Connection timed out: connect
	at java.net.DualStackPlainSocketImpl.waitForConnect(Native Method)
	at java.net.DualStackPlainSocketImpl.socketConnect(DualStackPlainSocketImpl.java:81)
	at java.net.AbstractPlainSocketImpl.doConnect(AbstractPlainSocketImpl.java:476)
	at java.net.AbstractPlainSocketImpl.connectToAddress(AbstractPlainSocketImpl.java:218)
	at java.net.AbstractPlainSocketImpl.connect(AbstractPlainSocketImpl.java:200)
	at java.net.PlainSocketImpl.connect(PlainSocketImpl.java:162)
	at java.net.SocksSocketImpl.connect(SocksSocketImpl.java:394)
	at java.net.Socket.connect(Socket.java:606)
	at com.mysql.jdbc.StandardSocketFactory.connect(StandardSocketFactory.java:211)
	at com.mysql.jdbc.MysqlIO.<init>(MysqlIO.java:301)
	... 92 common frames omitted
2024-03-28 11:06:33.264 | main | INFO  | com.xtxk.recognition.prepare.service.TestDemo | 55 | Starting TestDemo using Java 1.8.0_391 on DESKTOP-CD17606 with PID 15580 (started by 11962 in F:\IdeaProject\xtxk\business-server\recognition-prepare-service)
2024-03-28 11:06:33.264 | main | INFO  | com.xtxk.recognition.prepare.service.TestDemo | 667 | The following profiles are active: dev
2024-03-28 11:06:33.477 | main | INFO  | org.springframework.boot.web.embedded.tomcat.TomcatWebServer | 108 | Tomcat initialized with port(s): 0 (http)
2024-03-28 11:06:33.477 | main | INFO  | org.apache.coyote.http11.Http11NioProtocol | 173 | Initializing ProtocolHandler ["http-nio-auto-2"]
2024-03-28 11:06:33.478 | main | INFO  | org.apache.catalina.core.StandardService | 173 | Starting service [Tomcat]
2024-03-28 11:06:33.478 | main | INFO  | org.apache.catalina.core.StandardEngine | 173 | Starting Servlet engine: [Apache Tomcat/9.0.46]
2024-03-28 11:06:33.500 | main | INFO  | org.apache.catalina.core.ContainerBase.[Tomcat].[localhost].[/recognization] | 173 | Initializing Spring embedded WebApplicationContext
2024-03-28 11:06:33.501 | main | INFO  | org.springframework.boot.web.servlet.context.ServletWebServerApplicationContext | 290 | Root WebApplicationContext: initialization completed in 236 ms
2024-03-28 11:06:34.010 | main | INFO  | org.apache.coyote.http11.Http11NioProtocol | 173 | Starting ProtocolHandler ["http-nio-auto-2"]
2024-03-28 11:06:34.011 | main | INFO  | org.springframework.boot.web.embedded.tomcat.TomcatWebServer | 220 | Tomcat started on port(s): 52394 (http) with context path '/recognization'
2024-03-28 11:06:34.013 | main | INFO  | springfox.documentation.spring.web.plugins.DocumentationPluginsBootstrapper | 84 | Context refreshed
2024-03-28 11:06:34.013 | main | INFO  | springfox.documentation.spring.web.plugins.DocumentationPluginsBootstrapper | 87 | Found 1 custom documentation plugin(s)
2024-03-28 11:06:34.014 | main | INFO  | springfox.documentation.spring.web.scanners.ApiListingReferenceScanner | 44 | Scanning for api listing references
2024-03-28 11:06:34.040 | main | INFO  | springfox.documentation.spring.web.readers.operation.CachingOperationNameGenerator | 40 | Generating unique operation named: listUsingPOST_1
2024-03-28 11:06:34.042 | main | INFO  | springfox.documentation.spring.web.readers.operation.CachingOperationNameGenerator | 40 | Generating unique operation named: addUsingPOST_1
2024-03-28 11:06:34.045 | main | INFO  | springfox.documentation.spring.web.readers.operation.CachingOperationNameGenerator | 40 | Generating unique operation named: deleteUsingPOST_1
2024-03-28 11:06:34.047 | main | INFO  | springfox.documentation.spring.web.readers.operation.CachingOperationNameGenerator | 40 | Generating unique operation named: detailUsingPOST_1
2024-03-28 11:06:34.048 | main | INFO  | springfox.documentation.spring.web.readers.operation.CachingOperationNameGenerator | 40 | Generating unique operation named: listUsingPOST_2
2024-03-28 11:06:34.050 | main | INFO  | springfox.documentation.spring.web.readers.operation.CachingOperationNameGenerator | 40 | Generating unique operation named: updateUsingPOST_1
2024-03-28 11:06:34.051 | main | INFO  | springfox.documentation.spring.web.readers.operation.CachingOperationNameGenerator | 40 | Generating unique operation named: addUsingPOST_2
2024-03-28 11:06:34.052 | main | INFO  | springfox.documentation.spring.web.readers.operation.CachingOperationNameGenerator | 40 | Generating unique operation named: deleteUsingPOST_2
2024-03-28 11:06:34.053 | main | INFO  | springfox.documentation.spring.web.readers.operation.CachingOperationNameGenerator | 40 | Generating unique operation named: detailUsingPOST_2
2024-03-28 11:06:34.055 | main | INFO  | springfox.documentation.spring.web.readers.operation.CachingOperationNameGenerator | 40 | Generating unique operation named: listUsingPOST_3
2024-03-28 11:06:34.057 | main | INFO  | springfox.documentation.spring.web.readers.operation.CachingOperationNameGenerator | 40 | Generating unique operation named: updateUsingPOST_2
2024-03-28 11:06:34.066 | main | INFO  | com.xtxk.recognition.prepare.service.TestDemo | 61 | Started TestDemo in 0.823 seconds (JVM running for 26.873)
2024-03-28 11:06:34.066 | main | INFO  | org.springframework.boot.availability.ApplicationAvailabilityBean | 75 | Application availability state LivenessState changed to CORRECT
2024-03-28 11:06:34.066 | main | INFO  | com.zaxxer.hikari.HikariDataSource | 110 | HikariPool-2 - Starting...
